<?xml version="1.0" encoding="UTF-8"?>
<testng-results skipped="0" failed="0" total="4" passed="4">
  <reporter-output>
    <line>
      <![CDATA[expected [true] but found [true]]]>
    </line>
    <line>
      <![CDATA[expected [true] but found [false]]]>
    </line>
    <line>
      <![CDATA[expected [true] but found [false]]]>
    </line>
    <line>
      <![CDATA[expected [true] but found [false]]]>
    </line>
  </reporter-output>
  <suite name="Default suite" duration-ms="19465" started-at="2023-04-13T12:46:22Z" finished-at="2023-04-13T12:46:41Z">
    <groups>
    </groups>
    <test name="Default test" duration-ms="19465" started-at="2023-04-13T12:46:22Z" finished-at="2023-04-13T12:46:41Z">
      <class name="april13.NewTest">
        <test-method status="PASS" signature="beforeTest()[pri:0, instance:april13.NewTest@47c62251]" name="beforeTest" is-config="true" duration-ms="4131" started-at="2023-04-13T18:16:22Z" finished-at="2023-04-13T18:16:26Z">
          <reporter-output>
          </reporter-output>
        </test-method> <!-- beforeTest -->
        <test-method status="PASS" signature="orangeHrm(java.lang.String, java.lang.String)[pri:0, instance:april13.NewTest@47c62251]" name="orangeHrm" duration-ms="9084" started-at="2023-04-13T18:16:26Z" data-provider="dp" finished-at="2023-04-13T18:16:35Z">
          <params>
            <param index="0">
              <value>
                <![CDATA[Admin]]>
              </value>
            </param>
            <param index="1">
              <value>
                <![CDATA[Qedge123!@#]]>
              </value>
            </param>
          </params>
          <reporter-output>
            <line>
              <![CDATA[expected [true] but found [true]]]>
            </line>
          </reporter-output>
        </test-method> <!-- orangeHrm -->
        <test-method status="PASS" signature="orangeHrm(java.lang.String, java.lang.String)[pri:0, instance:april13.NewTest@47c62251]" name="orangeHrm" duration-ms="2034" started-at="2023-04-13T18:16:35Z" data-provider="dp" finished-at="2023-04-13T18:16:37Z">
          <params>
            <param index="0">
              <value>
                <![CDATA[Admin]]>
              </value>
            </param>
            <param index="1">
              <value>
                <![CDATA[Admin]]>
              </value>
            </param>
          </params>
          <reporter-output>
            <line>
              <![CDATA[expected [true] but found [false]]]>
            </line>
          </reporter-output>
        </test-method> <!-- orangeHrm -->
        <test-method status="PASS" signature="orangeHrm(java.lang.String, java.lang.String)[pri:0, instance:april13.NewTest@47c62251]" name="orangeHrm" duration-ms="1799" started-at="2023-04-13T18:16:37Z" data-provider="dp" finished-at="2023-04-13T18:16:39Z">
          <params>
            <param index="0">
              <value>
                <![CDATA[Admin]]>
              </value>
            </param>
            <param index="1">
              <value>
                <![CDATA[Ad]]>
              </value>
            </param>
          </params>
          <reporter-output>
            <line>
              <![CDATA[expected [true] but found [false]]]>
            </line>
          </reporter-output>
        </test-method> <!-- orangeHrm -->
        <test-method status="PASS" signature="orangeHrm(java.lang.String, java.lang.String)[pri:0, instance:april13.NewTest@47c62251]" name="orangeHrm" duration-ms="1454" started-at="2023-04-13T18:16:39Z" data-provider="dp" finished-at="2023-04-13T18:16:40Z">
          <params>
            <param index="0">
              <value>
                <![CDATA[Ad]]>
              </value>
            </param>
            <param index="1">
              <value>
                <![CDATA[Admin]]>
              </value>
            </param>
          </params>
          <reporter-output>
            <line>
              <![CDATA[expected [true] but found [false]]]>
            </line>
          </reporter-output>
        </test-method> <!-- orangeHrm -->
        <test-method status="PASS" signature="afterTest()[pri:0, instance:april13.NewTest@47c62251]" name="afterTest" is-config="true" duration-ms="935" started-at="2023-04-13T18:16:40Z" finished-at="2023-04-13T18:16:41Z">
          <reporter-output>
          </reporter-output>
        </test-method> <!-- afterTest -->
      </class> <!-- april13.NewTest -->
    </test> <!-- Default test -->
  </suite> <!-- Default suite -->
</testng-results>
